<?xml version="1.0" encoding="UTF-8"?>
<testng-results skipped="0" failed="0" ignored="0" total="1" passed="1">
  <reporter-output>
  </reporter-output>
  <suite name="com.testcases.DemoTest" duration-ms="23303" started-at="2021-05-01T03:52:05Z" finished-at="2021-05-01T03:52:28Z">
    <groups>
    </groups>
    <test name="Command line test" duration-ms="23303" started-at="2021-05-01T03:52:05Z" finished-at="2021-05-01T03:52:28Z">
      <class name="com.testcases.DemoTest">
        <test-method status="PASS" signature="test01()[pri:0, instance:com.testcases.DemoTest@30c7da1e]" name="test01" duration-ms="23186" started-at="2021-05-01T03:52:05Z" finished-at="2021-05-01T03:52:28Z">
          <reporter-output>
          </reporter-output>
        </test-method> <!-- test01 -->
      </class> <!-- com.testcases.DemoTest -->
    </test> <!-- Command line test -->
  </suite> <!-- com.testcases.DemoTest -->
</testng-results>
